0 info it worked if it ends with ok
1 verbose cli [ '/usr/local/bin/node',
1 verbose cli   '/usr/local/bin/npm',
1 verbose cli   'update',
1 verbose cli   '-g',
1 verbose cli   'bower' ]
2 info using npm@3.3.12
3 info using node@v5.4.1
4 silly mapToRegistry name bower
5 silly mapToRegistry using default registry
6 silly mapToRegistry registry https://registry.npmjs.org/
7 silly mapToRegistry uri https://registry.npmjs.org/bower
8 verbose request uri https://registry.npmjs.org/bower
9 verbose request no auth needed
10 info attempt registry request try #1 at 9:30:28 PM
11 verbose request id fbbf8c079b1be977
12 verbose etag "9QPKQ36EU0CIKO1DBCC15XIUL"
13 http request GET https://registry.npmjs.org/bower
14 http 200 https://registry.npmjs.org/bower
15 verbose headers { server: 'nginx/1.10.1',
15 verbose headers   'content-type': 'application/json',
15 verbose headers   'last-modified': 'Sat, 25 Mar 2017 20:33:00 GMT',
15 verbose headers   etag: 'W/"58d6d3fc-2af52"',
15 verbose headers   'content-encoding': 'gzip',
15 verbose headers   'cache-control': 'max-age=300',
15 verbose headers   'content-length': '16648',
15 verbose headers   'accept-ranges': 'bytes',
15 verbose headers   date: 'Tue, 28 Mar 2017 01:30:28 GMT',
15 verbose headers   via: '1.1 varnish',
15 verbose headers   age: '0',
15 verbose headers   connection: 'keep-alive',
15 verbose headers   'x-served-by': 'cache-bos8226-BOS',
15 verbose headers   'x-cache': 'HIT',
15 verbose headers   'x-cache-hits': '1',
15 verbose headers   'x-timer': 'S1490664628.529608,VS0,VE140',
15 verbose headers   vary: 'Accept-Encoding' }
16 silly get cb [ 200,
16 silly get   { server: 'nginx/1.10.1',
16 silly get     'content-type': 'application/json',
16 silly get     'last-modified': 'Sat, 25 Mar 2017 20:33:00 GMT',
16 silly get     etag: 'W/"58d6d3fc-2af52"',
16 silly get     'content-encoding': 'gzip',
16 silly get     'cache-control': 'max-age=300',
16 silly get     'content-length': '16648',
16 silly get     'accept-ranges': 'bytes',
16 silly get     date: 'Tue, 28 Mar 2017 01:30:28 GMT',
16 silly get     via: '1.1 varnish',
16 silly get     age: '0',
16 silly get     connection: 'keep-alive',
16 silly get     'x-served-by': 'cache-bos8226-BOS',
16 silly get     'x-cache': 'HIT',
16 silly get     'x-cache-hits': '1',
16 silly get     'x-timer': 'S1490664628.529608,VS0,VE140',
16 silly get     vary: 'Accept-Encoding' } ]
17 verbose get saving bower to /Users/joel/.npm/registry.npmjs.org/bower/.cache.json
18 info outdated updating [ { dep:
18 info outdated      Node {
18 info outdated        id: 1,
18 info outdated        package: [Object],
18 info outdated        path: '/usr/local/lib/node_modules/bower',
18 info outdated        realpath: '/usr/local/lib/node_modules/bower',
18 info outdated        parent: [Object],
18 info outdated        isLink: false,
18 info outdated        children: [Object],
18 info outdated        error: null,
18 info outdated        loaded: false,
18 info outdated        requiredBy: [],
18 info outdated        requires: [Object],
18 info outdated        missingDeps: {},
18 info outdated        missingDevDeps: {},
18 info outdated        userRequired: false,
18 info outdated        existing: false },
18 info outdated     depname: 'bower',
18 info outdated     current: '1.3.12',
18 info outdated     wanted: '1.8.0',
18 info outdated     latest: '1.8.0',
18 info outdated     req: '*',
18 info outdated     what: 'bower@1.8.0' } ]
19 silly loadCurrentTree Starting
20 silly install loadCurrentTree
21 silly install readGlobalPackageData
22 silly fetchPackageMetaData bower@1.8.0
23 silly fetchNamedPackageData bower
24 silly mapToRegistry name bower
25 silly mapToRegistry using default registry
26 silly mapToRegistry registry https://registry.npmjs.org/
27 silly mapToRegistry uri https://registry.npmjs.org/bower
28 verbose get https://registry.npmjs.org/bower not expired, no request
29 silly install normalizeTree
30 silly loadCurrentTree Finishing
31 silly loadIdealTree Starting
32 silly install loadIdealTree
33 silly cloneCurrentTree Starting
34 silly install cloneCurrentTreeToIdealTree
35 silly cloneCurrentTree Finishing
36 silly loadShrinkwrap Starting
37 silly install loadShrinkwrap
38 silly loadShrinkwrap Finishing
39 silly loadAllDepsIntoIdealTree Starting
40 silly install loadAllDepsIntoIdealTree
41 silly resolveWithNewModule bower@1.8.0 checking installable status
42 silly cache add args [ 'bower@1.8.0', null ]
43 verbose cache add spec bower@1.8.0
44 silly cache add parsed spec Result {
44 silly cache add   raw: 'bower@1.8.0',
44 silly cache add   scope: null,
44 silly cache add   name: 'bower',
44 silly cache add   rawSpec: '1.8.0',
44 silly cache add   spec: '1.8.0',
44 silly cache add   type: 'version' }
45 silly addNamed bower@1.8.0
46 verbose addNamed "1.8.0" is a plain semver version for bower
47 silly mapToRegistry name bower
48 silly mapToRegistry using default registry
49 silly mapToRegistry registry https://registry.npmjs.org/
50 silly mapToRegistry uri https://registry.npmjs.org/bower
51 verbose addNameVersion registry:https://registry.npmjs.org/bower not in flight; fetching
52 verbose get https://registry.npmjs.org/bower not expired, no request
53 silly mapToRegistry name bower
54 silly mapToRegistry using default registry
55 silly mapToRegistry registry https://registry.npmjs.org/
56 silly mapToRegistry uri https://registry.npmjs.org/bower
57 verbose addRemoteTarball https://registry.npmjs.org/bower/-/bower-1.8.0.tgz not in flight; adding
58 verbose addRemoteTarball [ 'https://registry.npmjs.org/bower/-/bower-1.8.0.tgz',
58 verbose addRemoteTarball   '55dbebef0ad9155382d9e9d3e497c1372345b44a' ]
59 info retry fetch attempt 1 at 9:30:29 PM
60 info attempt registry request try #1 at 9:30:29 PM
61 http fetch GET https://registry.npmjs.org/bower/-/bower-1.8.0.tgz
62 http fetch 200 https://registry.npmjs.org/bower/-/bower-1.8.0.tgz
63 silly fetchAndShaCheck shasum 55dbebef0ad9155382d9e9d3e497c1372345b44a
64 verbose addTmpTarball /var/folders/5j/7mv1rn297f54lnl5d3n5s7f80000gn/T/npm-7303-89da7d2f/registry.npmjs.org/bower/-/bower-1.8.0.tgz not in flight; adding
65 verbose addTmpTarball already have metadata; skipping unpack for bower@1.8.0
66 silly cache afterAdd bower@1.8.0
67 verbose afterAdd /Users/joel/.npm/bower/1.8.0/package/package.json not in flight; writing
68 verbose afterAdd /Users/joel/.npm/bower/1.8.0/package/package.json written
69 silly loadAllDepsIntoIdealTree Finishing
70 silly idealTree:prePrune lib
70 silly idealTree:prePrune └── bower@1.8.0
71 silly loadIdealTree Finishing
72 silly currentTree lib
72 silly currentTree └─┬ bower@1.3.12
72 silly currentTree   ├── abbrev@1.0.5
72 silly currentTree   ├── archy@0.0.2
72 silly currentTree   ├─┬ bower-config@0.5.2
72 silly currentTree   │ ├── graceful-fs@2.0.3
72 silly currentTree   │ ├─┬ optimist@0.6.1
72 silly currentTree   │ │ ├── minimist@0.0.10
72 silly currentTree   │ │ └── wordwrap@0.0.2
72 silly currentTree   │ └── osenv@0.0.3
72 silly currentTree   ├── bower-endpoint-parser@0.2.2
72 silly currentTree   ├─┬ bower-json@0.4.0
72 silly currentTree   │ ├── deep-extend@0.2.11
72 silly currentTree   │ ├── graceful-fs@2.0.3
72 silly currentTree   │ └── intersect@0.0.3
72 silly currentTree   ├── bower-logger@0.2.2
72 silly currentTree   ├─┬ bower-registry-client@0.2.3
72 silly currentTree   │ ├── async@0.2.10
72 silly currentTree   │ ├── graceful-fs@2.0.3
72 silly currentTree   │ ├── lru-cache@2.3.1
72 silly currentTree   │ ├── mkdirp@0.3.5
72 silly currentTree   │ ├── request-replay@0.2.0
72 silly currentTree   │ └─┬ request@2.51.0
72 silly currentTree   │   ├── aws-sign2@0.5.0
72 silly currentTree   │   ├─┬ bl@0.9.4
72 silly currentTree   │   │ └─┬ readable-stream@1.0.33
72 silly currentTree   │   │   ├── core-util-is@1.0.1
72 silly currentTree   │   │   ├── inherits@2.0.1
72 silly currentTree   │   │   ├── isarray@0.0.1
72 silly currentTree   │   │   └── string_decoder@0.10.31
72 silly currentTree   │   ├── caseless@0.8.0
72 silly currentTree   │   ├─┬ combined-stream@0.0.7
72 silly currentTree   │   │ └── delayed-stream@0.0.5
72 silly currentTree   │   ├── forever-agent@0.5.2
72 silly currentTree   │   ├─┬ form-data@0.2.0
72 silly currentTree   │   │ ├── async@0.9.0
72 silly currentTree   │   │ └─┬ mime-types@2.0.8
72 silly currentTree   │   │   └── mime-db@1.6.1
72 silly currentTree   │   ├─┬ hawk@1.1.1
72 silly currentTree   │   │ ├── boom@0.4.2
72 silly currentTree   │   │ ├── cryptiles@0.2.2
72 silly currentTree   │   │ ├── hoek@0.9.1
72 silly currentTree   │   │ └── sntp@0.2.4
72 silly currentTree   │   ├─┬ http-signature@0.10.1
72 silly currentTree   │   │ ├── asn1@0.1.11
72 silly currentTree   │   │ ├── assert-plus@0.1.5
72 silly currentTree   │   │ └── ctype@0.5.3
72 silly currentTree   │   ├── json-stringify-safe@5.0.0
72 silly currentTree   │   ├── mime-types@1.0.2
72 silly currentTree   │   ├── node-uuid@1.4.2
72 silly currentTree   │   ├── oauth-sign@0.5.0
72 silly currentTree   │   ├── qs@2.3.3
72 silly currentTree   │   ├── stringstream@0.0.4
72 silly currentTree   │   ├─┬ tough-cookie@0.12.1
72 silly currentTree   │   │ └── punycode@1.3.2
72 silly currentTree   │   └── tunnel-agent@0.4.0
72 silly currentTree   ├─┬ cardinal@0.4.0
72 silly currentTree   │ └─┬ redeyed@0.4.4
72 silly currentTree   │   └── esprima@1.0.4
72 silly currentTree   ├─┬ chalk@0.5.0
72 silly currentTree   │ ├── ansi-styles@1.1.0
72 silly currentTree   │ ├── escape-string-regexp@1.0.2
72 silly currentTree   │ ├─┬ has-ansi@0.1.0
72 silly currentTree   │ │ └── ansi-regex@0.2.1
72 silly currentTree   │ ├─┬ strip-ansi@0.3.0
72 silly currentTree   │ │ └── ansi-regex@0.2.1
72 silly currentTree   │ └── supports-color@0.2.0
72 silly currentTree   ├── chmodr@0.1.0
72 silly currentTree   ├─┬ decompress-zip@0.0.8
72 silly currentTree   │ ├─┬ binary@0.3.0
72 silly currentTree   │ │ ├── buffers@0.1.1
72 silly currentTree   │ │ └─┬ chainsaw@0.1.0
72 silly currentTree   │ │   └── traverse@0.3.9
72 silly currentTree   │ ├── mkpath@0.1.0
72 silly currentTree   │ ├── nopt@2.2.1
72 silly currentTree   │ ├─┬ readable-stream@1.1.13
72 silly currentTree   │ │ ├── core-util-is@1.0.1
72 silly currentTree   │ │ ├── inherits@2.0.1
72 silly currentTree   │ │ ├── isarray@0.0.1
72 silly currentTree   │ │ └── string_decoder@0.10.31
72 silly currentTree   │ └─┬ touch@0.0.2
72 silly currentTree   │   └── nopt@1.0.10
72 silly currentTree   ├─┬ fstream-ignore@1.0.2
72 silly currentTree   │ ├── inherits@2.0.1
72 silly currentTree   │ └─┬ minimatch@2.0.1
72 silly currentTree   │   └─┬ brace-expansion@1.1.0
72 silly currentTree   │     ├── balanced-match@0.2.0
72 silly currentTree   │     └── concat-map@0.0.1
72 silly currentTree   ├─┬ fstream@1.0.4
72 silly currentTree   │ └── inherits@2.0.1
72 silly currentTree   ├─┬ glob@4.0.6
72 silly currentTree   │ ├── inherits@2.0.1
72 silly currentTree   │ ├─┬ minimatch@1.0.0
72 silly currentTree   │ │ └── sigmund@1.0.0
72 silly currentTree   │ └─┬ once@1.3.1
72 silly currentTree   │   └── wrappy@1.0.1
72 silly currentTree   ├── graceful-fs@3.0.5
72 silly currentTree   ├─┬ handlebars@2.0.0
72 silly currentTree   │ ├─┬ optimist@0.3.7
72 silly currentTree   │ │ └── wordwrap@0.0.2
72 silly currentTree   │ └─┬ uglify-js@2.3.6
72 silly currentTree   │   ├── async@0.2.10
72 silly currentTree   │   └─┬ source-map@0.1.43
72 silly currentTree   │     └── amdefine@0.1.0
72 silly currentTree   ├─┬ inquirer@0.7.1
72 silly currentTree   │ ├─┬ cli-color@0.3.2
72 silly currentTree   │ │ ├── d@0.1.1
72 silly currentTree   │ │ ├─┬ es5-ext@0.10.6
72 silly currentTree   │ │ │ ├── es6-iterator@0.1.3
72 silly currentTree   │ │ │ └── es6-symbol@2.0.1
72 silly currentTree   │ │ ├─┬ memoizee@0.3.8
72 silly currentTree   │ │ │ ├─┬ es6-weak-map@0.1.2
72 silly currentTree   │ │ │ │ ├─┬ es6-iterator@0.1.3
72 silly currentTree   │ │ │ │ │ └── es6-symbol@2.0.1
72 silly currentTree   │ │ │ │ └── es6-symbol@0.1.1
72 silly currentTree   │ │ │ ├── event-emitter@0.3.3
72 silly currentTree   │ │ │ ├── lru-queue@0.1.0
72 silly currentTree   │ │ │ └── next-tick@0.2.2
72 silly currentTree   │ │ └─┬ timers-ext@0.1.0
72 silly currentTree   │ │   └── next-tick@0.2.2
72 silly currentTree   │ ├── figures@1.3.5
72 silly currentTree   │ ├── lodash@2.4.1
72 silly currentTree   │ ├── mute-stream@0.0.4
72 silly currentTree   │ ├─┬ readline2@0.1.1
72 silly currentTree   │ │ └─┬ strip-ansi@2.0.1
72 silly currentTree   │ │   └── ansi-regex@1.1.0
72 silly currentTree   │ ├── rx@2.3.25
72 silly currentTree   │ └── through@2.3.6
72 silly currentTree   ├─┬ insight@0.4.3
72 silly currentTree   │ ├── async@0.9.0
72 silly currentTree   │ ├─┬ chalk@0.5.1
72 silly currentTree   │ │ ├── ansi-styles@1.1.0
72 silly currentTree   │ │ ├── escape-string-regexp@1.0.2
72 silly currentTree   │ │ ├─┬ has-ansi@0.1.0
72 silly currentTree   │ │ │ └── ansi-regex@0.2.1
72 silly currentTree   │ │ ├─┬ strip-ansi@0.3.0
72 silly currentTree   │ │ │ └── ansi-regex@0.2.1
72 silly currentTree   │ │ └── supports-color@0.2.0
72 silly currentTree   │ ├─┬ configstore@0.3.2
72 silly currentTree   │ │ ├─┬ js-yaml@3.2.6
72 silly currentTree   │ │ │ ├─┬ argparse@0.1.16
72 silly currentTree   │ │ │ │ ├── underscore.string@2.4.0
72 silly currentTree   │ │ │ │ └── underscore@1.7.0
72 silly currentTree   │ │ │ └── esprima@1.0.4
72 silly currentTree   │ │ ├── object-assign@2.0.0
72 silly currentTree   │ │ ├── user-home@1.1.1
72 silly currentTree   │ │ ├── uuid@2.0.1
72 silly currentTree   │ │ └── xdg-basedir@1.0.1
72 silly currentTree   │ ├─┬ inquirer@0.6.0
72 silly currentTree   │ │ ├─┬ cli-color@0.3.2
72 silly currentTree   │ │ │ ├── d@0.1.1
72 silly currentTree   │ │ │ ├─┬ es5-ext@0.10.6
72 silly currentTree   │ │ │ │ ├── es6-iterator@0.1.3
72 silly currentTree   │ │ │ │ └── es6-symbol@2.0.1
72 silly currentTree   │ │ │ ├─┬ memoizee@0.3.8
72 silly currentTree   │ │ │ │ ├─┬ es6-weak-map@0.1.2
72 silly currentTree   │ │ │ │ │ ├─┬ es6-iterator@0.1.3
72 silly currentTree   │ │ │ │ │ │ └── es6-symbol@2.0.1
72 silly currentTree   │ │ │ │ │ └── es6-symbol@0.1.1
72 silly currentTree   │ │ │ │ ├── event-emitter@0.3.3
72 silly currentTree   │ │ │ │ ├── lru-queue@0.1.0
72 silly currentTree   │ │ │ │ └── next-tick@0.2.2
72 silly currentTree   │ │ │ └─┬ timers-ext@0.1.0
72 silly currentTree   │ │ │   └── next-tick@0.2.2
72 silly currentTree   │ │ ├── lodash@2.4.1
72 silly currentTree   │ │ ├── mute-stream@0.0.4
72 silly currentTree   │ │ ├─┬ readline2@0.1.1
72 silly currentTree   │ │ │ └─┬ strip-ansi@2.0.1
72 silly currentTree   │ │ │   └── ansi-regex@1.1.0
72 silly currentTree   │ │ ├── rx@2.3.25
72 silly currentTree   │ │ └── through@2.3.6
72 silly currentTree   │ ├─┬ lodash.debounce@2.4.1
72 silly currentTree   │ │ ├── lodash.isfunction@2.4.1
72 silly currentTree   │ │ ├─┬ lodash.isobject@2.4.1
72 silly currentTree   │ │ │ └── lodash._objecttypes@2.4.1
72 silly currentTree   │ │ └─┬ lodash.now@2.4.1
72 silly currentTree   │ │   └── lodash._isnative@2.4.1
72 silly currentTree   │ ├── object-assign@1.0.0
72 silly currentTree   │ ├─┬ os-name@1.0.3
72 silly currentTree   │ │ ├─┬ osx-release@1.0.0
72 silly currentTree   │ │ │ └── minimist@1.1.0
72 silly currentTree   │ │ └── win-release@1.0.0
72 silly currentTree   │ └─┬ tough-cookie@0.12.1
72 silly currentTree   │   └── punycode@1.3.2
72 silly currentTree   ├── is-root@1.0.0
72 silly currentTree   ├── junk@1.0.0
72 silly currentTree   ├── lockfile@1.0.0
72 silly currentTree   ├── lru-cache@2.5.0
72 silly currentTree   ├─┬ mkdirp@0.5.0
72 silly currentTree   │ └── minimist@0.0.8
72 silly currentTree   ├── mout@0.9.1
72 silly currentTree   ├── nopt@3.0.1
72 silly currentTree   ├── opn@1.0.1
72 silly currentTree   ├── osenv@0.1.0
72 silly currentTree   ├─┬ p-throttler@0.1.0
72 silly currentTree   │ └── q@0.9.7
72 silly currentTree   ├─┬ promptly@0.2.0
72 silly currentTree   │ └─┬ read@1.0.5
72 silly currentTree   │   └── mute-stream@0.0.4
72 silly currentTree   ├── q@1.0.1
72 silly currentTree   ├─┬ request-progress@0.3.0
72 silly currentTree   │ └── throttleit@0.0.2
72 silly currentTree   ├─┬ request@2.42.0
72 silly currentTree   │ ├── aws-sign2@0.5.0
72 silly currentTree   │ ├─┬ bl@0.9.4
72 silly currentTree   │ │ └─┬ readable-stream@1.0.33
72 silly currentTree   │ │   ├── core-util-is@1.0.1
72 silly currentTree   │ │   ├── inherits@2.0.1
72 silly currentTree   │ │   ├── isarray@0.0.1
72 silly currentTree   │ │   └── string_decoder@0.10.31
72 silly currentTree   │ ├── caseless@0.6.0
72 silly currentTree   │ ├── forever-agent@0.5.2
72 silly currentTree   │ ├─┬ form-data@0.1.4
72 silly currentTree   │ │ ├── async@0.9.0
72 silly currentTree   │ │ ├─┬ combined-stream@0.0.7
72 silly currentTree   │ │ │ └── delayed-stream@0.0.5
72 silly currentTree   │ │ └── mime@1.2.11
72 silly currentTree   │ ├─┬ hawk@1.1.1
72 silly currentTree   │ │ ├── boom@0.4.2
72 silly currentTree   │ │ ├── cryptiles@0.2.2
72 silly currentTree   │ │ ├── hoek@0.9.1
72 silly currentTree   │ │ └── sntp@0.2.4
72 silly currentTree   │ ├─┬ http-signature@0.10.1
72 silly currentTree   │ │ ├── asn1@0.1.11
72 silly currentTree   │ │ ├── assert-plus@0.1.5
72 silly currentTree   │ │ └── ctype@0.5.3
72 silly currentTree   │ ├── json-stringify-safe@5.0.0
72 silly currentTree   │ ├── mime-types@1.0.2
72 silly currentTree   │ ├── node-uuid@1.4.2
72 silly currentTree   │ ├── oauth-sign@0.4.0
72 silly currentTree   │ ├── qs@1.2.2
72 silly currentTree   │ ├── stringstream@0.0.4
72 silly currentTree   │ ├─┬ tough-cookie@0.12.1
72 silly currentTree   │ │ └── punycode@1.3.2
72 silly currentTree   │ └── tunnel-agent@0.4.0
72 silly currentTree   ├── retry@0.6.0
72 silly currentTree   ├── rimraf@2.2.8
72 silly currentTree   ├── semver@2.3.2
72 silly currentTree   ├─┬ shell-quote@1.4.2
72 silly currentTree   │ ├── array-filter@0.0.1
72 silly currentTree   │ ├── array-map@0.0.0
72 silly currentTree   │ ├── array-reduce@0.0.0
72 silly currentTree   │ └── jsonify@0.0.0
72 silly currentTree   ├── stringify-object@1.0.0
72 silly currentTree   ├─┬ tar-fs@0.5.2
72 silly currentTree   │ ├─┬ pump@0.3.5
72 silly currentTree   │ │ ├─┬ end-of-stream@1.0.0
72 silly currentTree   │ │ │ └─┬ once@1.3.1
72 silly currentTree   │ │ │   └── wrappy@1.0.1
72 silly currentTree   │ │ └── once@1.2.0
72 silly currentTree   │ └─┬ tar-stream@0.4.7
72 silly currentTree   │   ├── bl@0.9.4
72 silly currentTree   │   ├─┬ end-of-stream@1.1.0
72 silly currentTree   │   │ └─┬ once@1.3.1
72 silly currentTree   │   │   └── wrappy@1.0.1
72 silly currentTree   │   ├─┬ readable-stream@1.0.33
72 silly currentTree   │   │ ├── core-util-is@1.0.1
72 silly currentTree   │   │ ├── inherits@2.0.1
72 silly currentTree   │   │ ├── isarray@0.0.1
72 silly currentTree   │   │ └── string_decoder@0.10.31
72 silly currentTree   │   └── xtend@4.0.0
72 silly currentTree   ├── tmp@0.0.23
72 silly currentTree   ├─┬ update-notifier@0.2.0
72 silly currentTree   │ ├─┬ configstore@0.3.2
72 silly currentTree   │ │ ├─┬ js-yaml@3.2.6
72 silly currentTree   │ │ │ ├─┬ argparse@0.1.16
72 silly currentTree   │ │ │ │ ├── underscore.string@2.4.0
72 silly currentTree   │ │ │ │ └── underscore@1.7.0
72 silly currentTree   │ │ │ └── esprima@1.0.4
72 silly currentTree   │ │ ├── object-assign@2.0.0
72 silly currentTree   │ │ ├── user-home@1.1.1
72 silly currentTree   │ │ ├── uuid@2.0.1
72 silly currentTree   │ │ └── xdg-basedir@1.0.1
72 silly currentTree   │ ├─┬ latest-version@0.2.0
72 silly currentTree   │ │ └─┬ package-json@0.2.0
72 silly currentTree   │ │   ├─┬ got@0.3.0
72 silly currentTree   │ │   │ └── object-assign@0.3.1
72 silly currentTree   │ │   └─┬ registry-url@0.1.1
72 silly currentTree   │ │     └─┬ npmconf@2.1.1
72 silly currentTree   │ │       ├─┬ config-chain@1.1.8
72 silly currentTree   │ │       │ └── proto-list@1.2.3
72 silly currentTree   │ │       ├── inherits@2.0.1
72 silly currentTree   │ │       ├── ini@1.3.2
72 silly currentTree   │ │       ├─┬ once@1.3.1
72 silly currentTree   │ │       │ └── wrappy@1.0.1
72 silly currentTree   │ │       └── uid-number@0.0.5
72 silly currentTree   │ ├── semver-diff@0.1.0
72 silly currentTree   │ └─┬ string-length@0.1.2
72 silly currentTree   │   └─┬ strip-ansi@0.2.2
72 silly currentTree   │     └── ansi-regex@0.1.0
72 silly currentTree   └── which@1.0.8
73 silly idealTree lib
73 silly idealTree └── bower@1.8.0
74 silly generateActionsToTake Starting
75 silly install generateActionsToTake
76 warn checkPermissions Missing write access to /usr/local/lib/node_modules/bower/node_modules/archy
77 warn checkPermissions Missing write access to /usr/local/lib/node_modules/bower/node_modules/abbrev
78 warn checkPermissions Missing write access to /usr/local/lib/node_modules/bower/node_modules/bower-config/node_modules/graceful-fs
79 warn checkPermissions Missing write access to /usr/local/lib/node_modules/bower/node_modules/bower-config/node_modules/optimist/node_modules/minimist
80 warn checkPermissions Missing write access to /usr/local/lib/node_modules/bower/node_modules/bower-config/node_modules/optimist/node_modules/wordwrap
81 warn checkPermissions Missing write access to /usr/local/lib/node_modules/bower/node_modules/bower-config/node_modules/optimist
82 warn checkPermissions Missing write access to /usr/local/lib/node_modules/bower/node_modules/bower-config/node_modules/osenv
83 warn checkPermissions Missing write access to /usr/local/lib/node_modules/bower/node_modules/bower-endpoint-parser
84 warn checkPermissions Missing write access to /usr/local/lib/node_modules/bower/node_modules/bower-json/node_modules/deep-extend
85 warn checkPermissions Missing write access to /usr/local/lib/node_modules/bower/node_modules/bower-json/node_modules/graceful-fs
86 warn checkPermissions Missing write access to /usr/local/lib/node_modules/bower/node_modules/bower-json/node_modules/intersect
87 warn checkPermissions Missing write access to /usr/local/lib/node_modules/bower/node_modules/bower-json
88 warn checkPermissions Missing write access to /usr/local/lib/node_modules/bower/node_modules/bower-logger
89 warn checkPermissions Missing write access to /usr/local/lib/node_modules/bower/node_modules/bower-registry-client/node_modules/async
90 warn checkPermissions Missing write access to /usr/local/lib/node_modules/bower/node_modules/bower-registry-client/node_modules/graceful-fs
91 warn checkPermissions Missing write access to /usr/local/lib/node_modules/bower/node_modules/bower-registry-client/node_modules/lru-cache
92 warn checkPermissions Missing write access to /usr/local/lib/node_modules/bower/node_modules/bower-registry-client/node_modules/mkdirp
93 warn checkPermissions Missing write access to /usr/local/lib/node_modules/bower/node_modules/bower-registry-client/node_modules/request/node_modules/aws-sign2
94 warn checkPermissions Missing write access to /usr/local/lib/node_modules/bower/node_modules/bower-registry-client/node_modules/request/node_modules/bl/node_modules/readable-stream/node_modules/core-util-is
95 warn checkPermissions Missing write access to /usr/local/lib/node_modules/bower/node_modules/bower-registry-client/node_modules/request/node_modules/bl/node_modules/readable-stream/node_modules/inherits
96 warn checkPermissions Missing write access to /usr/local/lib/node_modules/bower/node_modules/bower-registry-client/node_modules/request/node_modules/bl/node_modules/readable-stream/node_modules/isarray
97 warn checkPermissions Missing write access to /usr/local/lib/node_modules/bower/node_modules/bower-registry-client/node_modules/request/node_modules/bl/node_modules/readable-stream/node_modules/string_decoder
98 warn checkPermissions Missing write access to /usr/local/lib/node_modules/bower/node_modules/bower-registry-client/node_modules/request/node_modules/bl/node_modules/readable-stream
99 warn checkPermissions Missing write access to /usr/local/lib/node_modules/bower/node_modules/bower-registry-client/node_modules/request/node_modules/bl
100 warn checkPermissions Missing write access to /usr/local/lib/node_modules/bower/node_modules/bower-registry-client/node_modules/request/node_modules/caseless
101 warn checkPermissions Missing write access to /usr/local/lib/node_modules/bower/node_modules/bower-registry-client/node_modules/request/node_modules/combined-stream/node_modules/delayed-stream
102 warn checkPermissions Missing write access to /usr/local/lib/node_modules/bower/node_modules/bower-registry-client/node_modules/request/node_modules/combined-stream
103 warn checkPermissions Missing write access to /usr/local/lib/node_modules/bower/node_modules/bower-registry-client/node_modules/request/node_modules/forever-agent
104 warn checkPermissions Missing write access to /usr/local/lib/node_modules/bower/node_modules/bower-registry-client/node_modules/request/node_modules/form-data/node_modules/async
105 warn checkPermissions Missing write access to /usr/local/lib/node_modules/bower/node_modules/bower-registry-client/node_modules/request/node_modules/form-data/node_modules/mime-types/node_modules/mime-db
106 warn checkPermissions Missing write access to /usr/local/lib/node_modules/bower/node_modules/bower-registry-client/node_modules/request/node_modules/form-data/node_modules/mime-types
107 warn checkPermissions Missing write access to /usr/local/lib/node_modules/bower/node_modules/bower-registry-client/node_modules/request/node_modules/form-data
108 warn checkPermissions Missing write access to /usr/local/lib/node_modules/bower/node_modules/bower-registry-client/node_modules/request/node_modules/hawk/node_modules/hoek
109 warn checkPermissions Missing write access to /usr/local/lib/node_modules/bower/node_modules/bower-registry-client/node_modules/request/node_modules/hawk/node_modules/boom
110 warn checkPermissions Missing write access to /usr/local/lib/node_modules/bower/node_modules/bower-registry-client/node_modules/request/node_modules/hawk/node_modules/cryptiles
111 warn checkPermissions Missing write access to /usr/local/lib/node_modules/bower/node_modules/bower-registry-client/node_modules/request/node_modules/hawk/node_modules/sntp
112 warn checkPermissions Missing write access to /usr/local/lib/node_modules/bower/node_modules/bower-registry-client/node_modules/request/node_modules/hawk
113 warn checkPermissions Missing write access to /usr/local/lib/node_modules/bower/node_modules/bower-registry-client/node_modules/request/node_modules/http-signature/node_modules/asn1
114 warn checkPermissions Missing write access to /usr/local/lib/node_modules/bower/node_modules/bower-registry-client/node_modules/request/node_modules/http-signature/node_modules/assert-plus
115 warn checkPermissions Missing write access to /usr/local/lib/node_modules/bower/node_modules/bower-registry-client/node_modules/request/node_modules/http-signature/node_modules/ctype
116 warn checkPermissions Missing write access to /usr/local/lib/node_modules/bower/node_modules/bower-registry-client/node_modules/request/node_modules/http-signature
117 warn checkPermissions Missing write access to /usr/local/lib/node_modules/bower/node_modules/bower-registry-client/node_modules/request/node_modules/json-stringify-safe
118 warn checkPermissions Missing write access to /usr/local/lib/node_modules/bower/node_modules/bower-registry-client/node_modules/request/node_modules/mime-types
119 warn checkPermissions Missing write access to /usr/local/lib/node_modules/bower/node_modules/bower-registry-client/node_modules/request/node_modules/node-uuid
120 warn checkPermissions Missing write access to /usr/local/lib/node_modules/bower/node_modules/bower-registry-client/node_modules/request/node_modules/oauth-sign
121 warn checkPermissions Missing write access to /usr/local/lib/node_modules/bower/node_modules/bower-registry-client/node_modules/request/node_modules/qs
122 warn checkPermissions Missing write access to /usr/local/lib/node_modules/bower/node_modules/bower-registry-client/node_modules/request/node_modules/stringstream
123 warn checkPermissions Missing write access to /usr/local/lib/node_modules/bower/node_modules/bower-registry-client/node_modules/request/node_modules/tough-cookie/node_modules/punycode
124 warn checkPermissions Missing write access to /usr/local/lib/node_modules/bower/node_modules/bower-registry-client/node_modules/request/node_modules/tough-cookie
125 warn checkPermissions Missing write access to /usr/local/lib/node_modules/bower/node_modules/bower-registry-client/node_modules/request/node_modules/tunnel-agent
126 warn checkPermissions Missing write access to /usr/local/lib/node_modules/bower/node_modules/bower-registry-client/node_modules/request
127 warn checkPermissions Missing write access to /usr/local/lib/node_modules/bower/node_modules/cardinal/node_modules/redeyed/node_modules/esprima
128 warn checkPermissions Missing write access to /usr/local/lib/node_modules/bower/node_modules/cardinal/node_modules/redeyed
129 warn checkPermissions Missing write access to /usr/local/lib/node_modules/bower/node_modules/cardinal
130 warn checkPermissions Missing write access to /usr/local/lib/node_modules/bower/node_modules/chalk/node_modules/ansi-styles
131 warn checkPermissions Missing write access to /usr/local/lib/node_modules/bower/node_modules/chalk/node_modules/escape-string-regexp
132 warn checkPermissions Missing write access to /usr/local/lib/node_modules/bower/node_modules/chalk/node_modules/has-ansi/node_modules/ansi-regex
133 warn checkPermissions Missing write access to /usr/local/lib/node_modules/bower/node_modules/chalk/node_modules/has-ansi
134 warn checkPermissions Missing write access to /usr/local/lib/node_modules/bower/node_modules/chalk/node_modules/strip-ansi/node_modules/ansi-regex
135 warn checkPermissions Missing write access to /usr/local/lib/node_modules/bower/node_modules/chalk/node_modules/strip-ansi
136 warn checkPermissions Missing write access to /usr/local/lib/node_modules/bower/node_modules/chalk/node_modules/supports-color
137 warn checkPermissions Missing write access to /usr/local/lib/node_modules/bower/node_modules/chalk
138 warn checkPermissions Missing write access to /usr/local/lib/node_modules/bower/node_modules/chmodr
139 warn checkPermissions Missing write access to /usr/local/lib/node_modules/bower/node_modules/decompress-zip/node_modules/binary/node_modules/buffers
140 warn checkPermissions Missing write access to /usr/local/lib/node_modules/bower/node_modules/decompress-zip/node_modules/binary/node_modules/chainsaw/node_modules/traverse
141 warn checkPermissions Missing write access to /usr/local/lib/node_modules/bower/node_modules/decompress-zip/node_modules/binary/node_modules/chainsaw
142 warn checkPermissions Missing write access to /usr/local/lib/node_modules/bower/node_modules/decompress-zip/node_modules/binary
143 warn checkPermissions Missing write access to /usr/local/lib/node_modules/bower/node_modules/decompress-zip/node_modules/mkpath
144 warn checkPermissions Missing write access to /usr/local/lib/node_modules/bower/node_modules/decompress-zip/node_modules/nopt
145 warn checkPermissions Missing write access to /usr/local/lib/node_modules/bower/node_modules/decompress-zip/node_modules/readable-stream/node_modules/core-util-is
146 warn checkPermissions Missing write access to /usr/local/lib/node_modules/bower/node_modules/decompress-zip/node_modules/readable-stream/node_modules/inherits
147 warn checkPermissions Missing write access to /usr/local/lib/node_modules/bower/node_modules/decompress-zip/node_modules/readable-stream/node_modules/isarray
148 warn checkPermissions Missing write access to /usr/local/lib/node_modules/bower/node_modules/decompress-zip/node_modules/readable-stream/node_modules/string_decoder
149 warn checkPermissions Missing write access to /usr/local/lib/node_modules/bower/node_modules/decompress-zip/node_modules/readable-stream
150 warn checkPermissions Missing write access to /usr/local/lib/node_modules/bower/node_modules/decompress-zip/node_modules/touch/node_modules/nopt
151 warn checkPermissions Missing write access to /usr/local/lib/node_modules/bower/node_modules/decompress-zip/node_modules/touch
152 warn checkPermissions Missing write access to /usr/local/lib/node_modules/bower/node_modules/fstream-ignore/node_modules/inherits
153 warn checkPermissions Missing write access to /usr/local/lib/node_modules/bower/node_modules/fstream-ignore/node_modules/minimatch/node_modules/brace-expansion/node_modules/balanced-match
154 warn checkPermissions Missing write access to /usr/local/lib/node_modules/bower/node_modules/fstream-ignore/node_modules/minimatch/node_modules/brace-expansion/node_modules/concat-map
155 warn checkPermissions Missing write access to /usr/local/lib/node_modules/bower/node_modules/fstream-ignore/node_modules/minimatch/node_modules/brace-expansion
156 warn checkPermissions Missing write access to /usr/local/lib/node_modules/bower/node_modules/fstream-ignore/node_modules/minimatch
157 warn checkPermissions Missing write access to /usr/local/lib/node_modules/bower/node_modules/fstream/node_modules/inherits
158 warn checkPermissions Missing write access to /usr/local/lib/node_modules/bower/node_modules/glob/node_modules/inherits
159 warn checkPermissions Missing write access to /usr/local/lib/node_modules/bower/node_modules/glob/node_modules/minimatch/node_modules/sigmund
160 warn checkPermissions Missing write access to /usr/local/lib/node_modules/bower/node_modules/glob/node_modules/once/node_modules/wrappy
161 warn checkPermissions Missing write access to /usr/local/lib/node_modules/bower/node_modules/glob/node_modules/once
162 warn checkPermissions Missing write access to /usr/local/lib/node_modules/bower/node_modules/graceful-fs
163 warn checkPermissions Missing write access to /usr/local/lib/node_modules/bower/node_modules/handlebars/node_modules/optimist/node_modules/wordwrap
164 warn checkPermissions Missing write access to /usr/local/lib/node_modules/bower/node_modules/handlebars/node_modules/optimist
165 warn checkPermissions Missing write access to /usr/local/lib/node_modules/bower/node_modules/handlebars/node_modules/uglify-js/node_modules/async
166 warn checkPermissions Missing write access to /usr/local/lib/node_modules/bower/node_modules/handlebars/node_modules/uglify-js/node_modules/source-map/node_modules/amdefine
167 warn checkPermissions Missing write access to /usr/local/lib/node_modules/bower/node_modules/handlebars/node_modules/uglify-js/node_modules/source-map
168 warn checkPermissions Missing write access to /usr/local/lib/node_modules/bower/node_modules/handlebars/node_modules/uglify-js
169 warn checkPermissions Missing write access to /usr/local/lib/node_modules/bower/node_modules/handlebars
170 warn checkPermissions Missing write access to /usr/local/lib/node_modules/bower/node_modules/inquirer/node_modules/cli-color/node_modules/es5-ext/node_modules/es6-symbol
171 warn checkPermissions Missing write access to /usr/local/lib/node_modules/bower/node_modules/inquirer/node_modules/cli-color/node_modules/es5-ext
172 warn checkPermissions Missing write access to /usr/local/lib/node_modules/bower/node_modules/inquirer/node_modules/cli-color/node_modules/d
173 warn checkPermissions Missing write access to /usr/local/lib/node_modules/bower/node_modules/inquirer/node_modules/cli-color/node_modules/es5-ext/node_modules/es6-iterator
174 warn checkPermissions Missing write access to /usr/local/lib/node_modules/bower/node_modules/inquirer/node_modules/cli-color/node_modules/memoizee/node_modules/es6-weak-map/node_modules/es6-iterator/node_modules/es6-symbol
175 warn checkPermissions Missing write access to /usr/local/lib/node_modules/bower/node_modules/inquirer/node_modules/cli-color/node_modules/memoizee/node_modules/es6-weak-map/node_modules/es6-iterator
176 warn checkPermissions Missing write access to /usr/local/lib/node_modules/bower/node_modules/inquirer/node_modules/cli-color/node_modules/memoizee/node_modules/es6-weak-map/node_modules/es6-symbol
177 warn checkPermissions Missing write access to /usr/local/lib/node_modules/bower/node_modules/inquirer/node_modules/cli-color/node_modules/memoizee/node_modules/es6-weak-map
178 warn checkPermissions Missing write access to /usr/local/lib/node_modules/bower/node_modules/inquirer/node_modules/cli-color/node_modules/memoizee/node_modules/event-emitter
179 warn checkPermissions Missing write access to /usr/local/lib/node_modules/bower/node_modules/inquirer/node_modules/cli-color/node_modules/memoizee/node_modules/lru-queue
180 warn checkPermissions Missing write access to /usr/local/lib/node_modules/bower/node_modules/inquirer/node_modules/cli-color/node_modules/memoizee/node_modules/next-tick
181 warn checkPermissions Missing write access to /usr/local/lib/node_modules/bower/node_modules/inquirer/node_modules/cli-color/node_modules/timers-ext/node_modules/next-tick
182 warn checkPermissions Missing write access to /usr/local/lib/node_modules/bower/node_modules/inquirer/node_modules/cli-color/node_modules/timers-ext
183 warn checkPermissions Missing write access to /usr/local/lib/node_modules/bower/node_modules/inquirer/node_modules/cli-color/node_modules/memoizee
184 warn checkPermissions Missing write access to /usr/local/lib/node_modules/bower/node_modules/inquirer/node_modules/cli-color
185 warn checkPermissions Missing write access to /usr/local/lib/node_modules/bower/node_modules/inquirer/node_modules/figures
186 warn checkPermissions Missing write access to /usr/local/lib/node_modules/bower/node_modules/inquirer/node_modules/lodash
187 warn checkPermissions Missing write access to /usr/local/lib/node_modules/bower/node_modules/inquirer/node_modules/mute-stream
188 warn checkPermissions Missing write access to /usr/local/lib/node_modules/bower/node_modules/inquirer/node_modules/readline2/node_modules/strip-ansi/node_modules/ansi-regex
189 warn checkPermissions Missing write access to /usr/local/lib/node_modules/bower/node_modules/inquirer/node_modules/readline2/node_modules/strip-ansi
190 warn checkPermissions Missing write access to /usr/local/lib/node_modules/bower/node_modules/inquirer/node_modules/readline2
191 warn checkPermissions Missing write access to /usr/local/lib/node_modules/bower/node_modules/inquirer/node_modules/rx
192 warn checkPermissions Missing write access to /usr/local/lib/node_modules/bower/node_modules/inquirer/node_modules/through
193 warn checkPermissions Missing write access to /usr/local/lib/node_modules/bower/node_modules/inquirer
194 warn checkPermissions Missing write access to /usr/local/lib/node_modules/bower/node_modules/insight/node_modules/async
195 warn checkPermissions Missing write access to /usr/local/lib/node_modules/bower/node_modules/insight/node_modules/chalk/node_modules/ansi-styles
196 warn checkPermissions Missing write access to /usr/local/lib/node_modules/bower/node_modules/insight/node_modules/chalk/node_modules/escape-string-regexp
197 warn checkPermissions Missing write access to /usr/local/lib/node_modules/bower/node_modules/insight/node_modules/chalk/node_modules/has-ansi/node_modules/ansi-regex
198 warn checkPermissions Missing write access to /usr/local/lib/node_modules/bower/node_modules/insight/node_modules/chalk/node_modules/has-ansi
199 warn checkPermissions Missing write access to /usr/local/lib/node_modules/bower/node_modules/insight/node_modules/chalk/node_modules/strip-ansi/node_modules/ansi-regex
200 warn checkPermissions Missing write access to /usr/local/lib/node_modules/bower/node_modules/insight/node_modules/chalk/node_modules/strip-ansi
201 warn checkPermissions Missing write access to /usr/local/lib/node_modules/bower/node_modules/insight/node_modules/chalk/node_modules/supports-color
202 warn checkPermissions Missing write access to /usr/local/lib/node_modules/bower/node_modules/insight/node_modules/chalk
203 warn checkPermissions Missing write access to /usr/local/lib/node_modules/bower/node_modules/insight/node_modules/configstore/node_modules/js-yaml/node_modules/argparse/node_modules/underscore
204 warn checkPermissions Missing write access to /usr/local/lib/node_modules/bower/node_modules/insight/node_modules/configstore/node_modules/js-yaml/node_modules/argparse/node_modules/underscore.string
205 warn checkPermissions Missing write access to /usr/local/lib/node_modules/bower/node_modules/insight/node_modules/configstore/node_modules/js-yaml/node_modules/argparse
206 warn checkPermissions Missing write access to /usr/local/lib/node_modules/bower/node_modules/insight/node_modules/configstore/node_modules/js-yaml/node_modules/esprima
207 warn checkPermissions Missing write access to /usr/local/lib/node_modules/bower/node_modules/insight/node_modules/configstore/node_modules/js-yaml
208 warn checkPermissions Missing write access to /usr/local/lib/node_modules/bower/node_modules/insight/node_modules/configstore/node_modules/object-assign
209 warn checkPermissions Missing write access to /usr/local/lib/node_modules/bower/node_modules/insight/node_modules/configstore/node_modules/user-home
210 warn checkPermissions Missing write access to /usr/local/lib/node_modules/bower/node_modules/insight/node_modules/configstore/node_modules/uuid
211 warn checkPermissions Missing write access to /usr/local/lib/node_modules/bower/node_modules/insight/node_modules/configstore/node_modules/xdg-basedir
212 warn checkPermissions Missing write access to /usr/local/lib/node_modules/bower/node_modules/insight/node_modules/inquirer/node_modules/cli-color/node_modules/es5-ext/node_modules/es6-symbol
213 warn checkPermissions Missing write access to /usr/local/lib/node_modules/bower/node_modules/insight/node_modules/inquirer/node_modules/cli-color/node_modules/es5-ext
214 warn checkPermissions Missing write access to /usr/local/lib/node_modules/bower/node_modules/insight/node_modules/inquirer/node_modules/cli-color/node_modules/d
215 warn checkPermissions Missing write access to /usr/local/lib/node_modules/bower/node_modules/insight/node_modules/inquirer/node_modules/cli-color/node_modules/es5-ext/node_modules/es6-iterator
216 warn checkPermissions Missing write access to /usr/local/lib/node_modules/bower/node_modules/insight/node_modules/inquirer/node_modules/cli-color/node_modules/memoizee/node_modules/es6-weak-map/node_modules/es6-iterator/node_modules/es6-symbol
217 warn checkPermissions Missing write access to /usr/local/lib/node_modules/bower/node_modules/insight/node_modules/inquirer/node_modules/cli-color/node_modules/memoizee/node_modules/es6-weak-map/node_modules/es6-iterator
218 warn checkPermissions Missing write access to /usr/local/lib/node_modules/bower/node_modules/insight/node_modules/inquirer/node_modules/cli-color/node_modules/memoizee/node_modules/es6-weak-map/node_modules/es6-symbol
219 warn checkPermissions Missing write access to /usr/local/lib/node_modules/bower/node_modules/insight/node_modules/inquirer/node_modules/cli-color/node_modules/memoizee/node_modules/es6-weak-map
220 warn checkPermissions Missing write access to /usr/local/lib/node_modules/bower/node_modules/insight/node_modules/inquirer/node_modules/cli-color/node_modules/memoizee/node_modules/event-emitter
221 warn checkPermissions Missing write access to /usr/local/lib/node_modules/bower/node_modules/insight/node_modules/inquirer/node_modules/cli-color/node_modules/memoizee/node_modules/lru-queue
222 warn checkPermissions Missing write access to /usr/local/lib/node_modules/bower/node_modules/insight/node_modules/inquirer/node_modules/cli-color/node_modules/memoizee/node_modules/next-tick
223 warn checkPermissions Missing write access to /usr/local/lib/node_modules/bower/node_modules/insight/node_modules/inquirer/node_modules/cli-color/node_modules/timers-ext/node_modules/next-tick
224 warn checkPermissions Missing write access to /usr/local/lib/node_modules/bower/node_modules/insight/node_modules/inquirer/node_modules/cli-color/node_modules/timers-ext
225 warn checkPermissions Missing write access to /usr/local/lib/node_modules/bower/node_modules/insight/node_modules/inquirer/node_modules/cli-color/node_modules/memoizee
226 warn checkPermissions Missing write access to /usr/local/lib/node_modules/bower/node_modules/insight/node_modules/inquirer/node_modules/cli-color
227 warn checkPermissions Missing write access to /usr/local/lib/node_modules/bower/node_modules/insight/node_modules/inquirer/node_modules/lodash
228 warn checkPermissions Missing write access to /usr/local/lib/node_modules/bower/node_modules/insight/node_modules/inquirer/node_modules/mute-stream
229 warn checkPermissions Missing write access to /usr/local/lib/node_modules/bower/node_modules/insight/node_modules/inquirer/node_modules/readline2/node_modules/strip-ansi/node_modules/ansi-regex
230 warn checkPermissions Missing write access to /usr/local/lib/node_modules/bower/node_modules/insight/node_modules/inquirer/node_modules/readline2/node_modules/strip-ansi
231 warn checkPermissions Missing write access to /usr/local/lib/node_modules/bower/node_modules/insight/node_modules/inquirer/node_modules/readline2
232 warn checkPermissions Missing write access to /usr/local/lib/node_modules/bower/node_modules/insight/node_modules/inquirer/node_modules/rx
233 warn checkPermissions Missing write access to /usr/local/lib/node_modules/bower/node_modules/insight/node_modules/inquirer/node_modules/through
234 warn checkPermissions Missing write access to /usr/local/lib/node_modules/bower/node_modules/insight/node_modules/inquirer
235 warn checkPermissions Missing write access to /usr/local/lib/node_modules/bower/node_modules/insight/node_modules/lodash.debounce/node_modules/lodash.isfunction
236 warn checkPermissions Missing write access to /usr/local/lib/node_modules/bower/node_modules/insight/node_modules/lodash.debounce/node_modules/lodash.isobject/node_modules/lodash._objecttypes
237 warn checkPermissions Missing write access to /usr/local/lib/node_modules/bower/node_modules/insight/node_modules/lodash.debounce/node_modules/lodash.isobject
238 warn checkPermissions Missing write access to /usr/local/lib/node_modules/bower/node_modules/insight/node_modules/lodash.debounce/node_modules/lodash.now/node_modules/lodash._isnative
239 warn checkPermissions Missing write access to /usr/local/lib/node_modules/bower/node_modules/insight/node_modules/lodash.debounce/node_modules/lodash.now
240 warn checkPermissions Missing write access to /usr/local/lib/node_modules/bower/node_modules/insight/node_modules/lodash.debounce
241 warn checkPermissions Missing write access to /usr/local/lib/node_modules/bower/node_modules/insight/node_modules/object-assign
242 warn checkPermissions Missing write access to /usr/local/lib/node_modules/bower/node_modules/insight/node_modules/os-name/node_modules/osx-release/node_modules/minimist
243 warn checkPermissions Missing write access to /usr/local/lib/node_modules/bower/node_modules/insight/node_modules/os-name/node_modules/osx-release
244 warn checkPermissions Missing write access to /usr/local/lib/node_modules/bower/node_modules/insight/node_modules/os-name/node_modules/win-release
245 warn checkPermissions Missing write access to /usr/local/lib/node_modules/bower/node_modules/insight/node_modules/os-name
246 warn checkPermissions Missing write access to /usr/local/lib/node_modules/bower/node_modules/insight/node_modules/tough-cookie/node_modules/punycode
247 warn checkPermissions Missing write access to /usr/local/lib/node_modules/bower/node_modules/insight/node_modules/tough-cookie
248 warn checkPermissions Missing write access to /usr/local/lib/node_modules/bower/node_modules/is-root
249 warn checkPermissions Missing write access to /usr/local/lib/node_modules/bower/node_modules/junk
250 warn checkPermissions Missing write access to /usr/local/lib/node_modules/bower/node_modules/lockfile
251 warn checkPermissions Missing write access to /usr/local/lib/node_modules/bower/node_modules/lru-cache
252 warn checkPermissions Missing write access to /usr/local/lib/node_modules/bower/node_modules/glob/node_modules/minimatch
253 warn checkPermissions Missing write access to /usr/local/lib/node_modules/bower/node_modules/glob
254 warn checkPermissions Missing write access to /usr/local/lib/node_modules/bower/node_modules/mkdirp/node_modules/minimist
255 warn checkPermissions Missing write access to /usr/local/lib/node_modules/bower/node_modules/mkdirp
256 warn checkPermissions Missing write access to /usr/local/lib/node_modules/bower/node_modules/mout
257 warn checkPermissions Missing write access to /usr/local/lib/node_modules/bower/node_modules/bower-config
258 warn checkPermissions Missing write access to /usr/local/lib/node_modules/bower/node_modules/nopt
259 warn checkPermissions Missing write access to /usr/local/lib/node_modules/bower/node_modules/opn
260 warn checkPermissions Missing write access to /usr/local/lib/node_modules/bower/node_modules/osenv
261 warn checkPermissions Missing write access to /usr/local/lib/node_modules/bower/node_modules/insight/node_modules/configstore
262 warn checkPermissions Missing write access to /usr/local/lib/node_modules/bower/node_modules/p-throttler/node_modules/q
263 warn checkPermissions Missing write access to /usr/local/lib/node_modules/bower/node_modules/p-throttler
264 warn checkPermissions Missing write access to /usr/local/lib/node_modules/bower/node_modules/promptly/node_modules/read/node_modules/mute-stream
265 warn checkPermissions Missing write access to /usr/local/lib/node_modules/bower/node_modules/promptly/node_modules/read
266 warn checkPermissions Missing write access to /usr/local/lib/node_modules/bower/node_modules/promptly
267 warn checkPermissions Missing write access to /usr/local/lib/node_modules/bower/node_modules/q
268 warn checkPermissions Missing write access to /usr/local/lib/node_modules/bower/node_modules/decompress-zip
269 warn checkPermissions Missing write access to /usr/local/lib/node_modules/bower/node_modules/request-progress/node_modules/throttleit
270 warn checkPermissions Missing write access to /usr/local/lib/node_modules/bower/node_modules/request-progress
271 warn checkPermissions Missing write access to /usr/local/lib/node_modules/bower/node_modules/request/node_modules/aws-sign2
272 warn checkPermissions Missing write access to /usr/local/lib/node_modules/bower/node_modules/request/node_modules/bl/node_modules/readable-stream/node_modules/core-util-is
273 warn checkPermissions Missing write access to /usr/local/lib/node_modules/bower/node_modules/request/node_modules/bl/node_modules/readable-stream/node_modules/inherits
274 warn checkPermissions Missing write access to /usr/local/lib/node_modules/bower/node_modules/request/node_modules/bl/node_modules/readable-stream/node_modules/isarray
275 warn checkPermissions Missing write access to /usr/local/lib/node_modules/bower/node_modules/request/node_modules/bl/node_modules/readable-stream/node_modules/string_decoder
276 warn checkPermissions Missing write access to /usr/local/lib/node_modules/bower/node_modules/request/node_modules/bl/node_modules/readable-stream
277 warn checkPermissions Missing write access to /usr/local/lib/node_modules/bower/node_modules/request/node_modules/bl
278 warn checkPermissions Missing write access to /usr/local/lib/node_modules/bower/node_modules/request/node_modules/caseless
279 warn checkPermissions Missing write access to /usr/local/lib/node_modules/bower/node_modules/request/node_modules/forever-agent
280 warn checkPermissions Missing write access to /usr/local/lib/node_modules/bower/node_modules/request/node_modules/form-data/node_modules/async
281 warn checkPermissions Missing write access to /usr/local/lib/node_modules/bower/node_modules/request/node_modules/form-data/node_modules/combined-stream/node_modules/delayed-stream
282 warn checkPermissions Missing write access to /usr/local/lib/node_modules/bower/node_modules/request/node_modules/form-data/node_modules/combined-stream
283 warn checkPermissions Missing write access to /usr/local/lib/node_modules/bower/node_modules/request/node_modules/form-data/node_modules/mime
284 warn checkPermissions Missing write access to /usr/local/lib/node_modules/bower/node_modules/request/node_modules/form-data
285 warn checkPermissions Missing write access to /usr/local/lib/node_modules/bower/node_modules/request/node_modules/hawk/node_modules/hoek
286 warn checkPermissions Missing write access to /usr/local/lib/node_modules/bower/node_modules/request/node_modules/hawk/node_modules/boom
287 warn checkPermissions Missing write access to /usr/local/lib/node_modules/bower/node_modules/request/node_modules/hawk/node_modules/cryptiles
288 warn checkPermissions Missing write access to /usr/local/lib/node_modules/bower/node_modules/request/node_modules/hawk/node_modules/sntp
289 warn checkPermissions Missing write access to /usr/local/lib/node_modules/bower/node_modules/request/node_modules/hawk
290 warn checkPermissions Missing write access to /usr/local/lib/node_modules/bower/node_modules/request/node_modules/http-signature/node_modules/asn1
291 warn checkPermissions Missing write access to /usr/local/lib/node_modules/bower/node_modules/request/node_modules/http-signature/node_modules/assert-plus
292 warn checkPermissions Missing write access to /usr/local/lib/node_modules/bower/node_modules/request/node_modules/http-signature/node_modules/ctype
293 warn checkPermissions Missing write access to /usr/local/lib/node_modules/bower/node_modules/request/node_modules/http-signature
294 warn checkPermissions Missing write access to /usr/local/lib/node_modules/bower/node_modules/request/node_modules/json-stringify-safe
295 warn checkPermissions Missing write access to /usr/local/lib/node_modules/bower/node_modules/request/node_modules/mime-types
296 warn checkPermissions Missing write access to /usr/local/lib/node_modules/bower/node_modules/request/node_modules/node-uuid
297 warn checkPermissions Missing write access to /usr/local/lib/node_modules/bower/node_modules/request/node_modules/oauth-sign
298 warn checkPermissions Missing write access to /usr/local/lib/node_modules/bower/node_modules/request/node_modules/qs
299 warn checkPermissions Missing write access to /usr/local/lib/node_modules/bower/node_modules/request/node_modules/stringstream
300 warn checkPermissions Missing write access to /usr/local/lib/node_modules/bower/node_modules/request/node_modules/tough-cookie/node_modules/punycode
301 warn checkPermissions Missing write access to /usr/local/lib/node_modules/bower/node_modules/request/node_modules/tough-cookie
302 warn checkPermissions Missing write access to /usr/local/lib/node_modules/bower/node_modules/request/node_modules/tunnel-agent
303 warn checkPermissions Missing write access to /usr/local/lib/node_modules/bower/node_modules/request
304 warn checkPermissions Missing write access to /usr/local/lib/node_modules/bower/node_modules/insight
305 warn checkPermissions Missing write access to /usr/local/lib/node_modules/bower/node_modules/retry
306 warn checkPermissions Missing write access to /usr/local/lib/node_modules/bower/node_modules/bower-registry-client/node_modules/request-replay
307 warn checkPermissions Missing write access to /usr/local/lib/node_modules/bower/node_modules/rimraf
308 warn checkPermissions Missing write access to /usr/local/lib/node_modules/bower/node_modules/fstream
309 warn checkPermissions Missing write access to /usr/local/lib/node_modules/bower/node_modules/fstream-ignore
310 warn checkPermissions Missing write access to /usr/local/lib/node_modules/bower/node_modules/bower-registry-client
311 warn checkPermissions Missing write access to /usr/local/lib/node_modules/bower/node_modules/semver
312 warn checkPermissions Missing write access to /usr/local/lib/node_modules/bower/node_modules/shell-quote/node_modules/array-filter
313 warn checkPermissions Missing write access to /usr/local/lib/node_modules/bower/node_modules/shell-quote/node_modules/array-map
314 warn checkPermissions Missing write access to /usr/local/lib/node_modules/bower/node_modules/shell-quote/node_modules/array-reduce
315 warn checkPermissions Missing write access to /usr/local/lib/node_modules/bower/node_modules/shell-quote/node_modules/jsonify
316 warn checkPermissions Missing write access to /usr/local/lib/node_modules/bower/node_modules/shell-quote
317 warn checkPermissions Missing write access to /usr/local/lib/node_modules/bower/node_modules/stringify-object
318 warn checkPermissions Missing write access to /usr/local/lib/node_modules/bower/node_modules/tar-fs/node_modules/pump/node_modules/end-of-stream/node_modules/once/node_modules/wrappy
319 warn checkPermissions Missing write access to /usr/local/lib/node_modules/bower/node_modules/tar-fs/node_modules/pump/node_modules/end-of-stream/node_modules/once
320 warn checkPermissions Missing write access to /usr/local/lib/node_modules/bower/node_modules/tar-fs/node_modules/pump/node_modules/end-of-stream
321 warn checkPermissions Missing write access to /usr/local/lib/node_modules/bower/node_modules/tar-fs/node_modules/pump/node_modules/once
322 warn checkPermissions Missing write access to /usr/local/lib/node_modules/bower/node_modules/tar-fs/node_modules/pump
323 warn checkPermissions Missing write access to /usr/local/lib/node_modules/bower/node_modules/tar-fs/node_modules/tar-stream/node_modules/end-of-stream/node_modules/once/node_modules/wrappy
324 warn checkPermissions Missing write access to /usr/local/lib/node_modules/bower/node_modules/tar-fs/node_modules/tar-stream/node_modules/end-of-stream/node_modules/once
325 warn checkPermissions Missing write access to /usr/local/lib/node_modules/bower/node_modules/tar-fs/node_modules/tar-stream/node_modules/end-of-stream
326 warn checkPermissions Missing write access to /usr/local/lib/node_modules/bower/node_modules/tar-fs/node_modules/tar-stream/node_modules/readable-stream/node_modules/core-util-is
327 warn checkPermissions Missing write access to /usr/local/lib/node_modules/bower/node_modules/tar-fs/node_modules/tar-stream/node_modules/readable-stream/node_modules/inherits
328 warn checkPermissions Missing write access to /usr/local/lib/node_modules/bower/node_modules/tar-fs/node_modules/tar-stream/node_modules/readable-stream/node_modules/isarray
329 warn checkPermissions Missing write access to /usr/local/lib/node_modules/bower/node_modules/tar-fs/node_modules/tar-stream/node_modules/readable-stream/node_modules/string_decoder
330 warn checkPermissions Missing write access to /usr/local/lib/node_modules/bower/node_modules/tar-fs/node_modules/tar-stream/node_modules/readable-stream
331 warn checkPermissions Missing write access to /usr/local/lib/node_modules/bower/node_modules/tar-fs/node_modules/tar-stream/node_modules/bl
332 warn checkPermissions Missing write access to /usr/local/lib/node_modules/bower/node_modules/tar-fs/node_modules/tar-stream/node_modules/xtend
333 warn checkPermissions Missing write access to /usr/local/lib/node_modules/bower/node_modules/tar-fs/node_modules/tar-stream
334 warn checkPermissions Missing write access to /usr/local/lib/node_modules/bower/node_modules/tar-fs
335 warn checkPermissions Missing write access to /usr/local/lib/node_modules/bower/node_modules/tmp
336 warn checkPermissions Missing write access to /usr/local/lib/node_modules/bower/node_modules/update-notifier/node_modules/configstore/node_modules/js-yaml/node_modules/argparse/node_modules/underscore
337 warn checkPermissions Missing write access to /usr/local/lib/node_modules/bower/node_modules/update-notifier/node_modules/configstore/node_modules/js-yaml/node_modules/argparse/node_modules/underscore.string
338 warn checkPermissions Missing write access to /usr/local/lib/node_modules/bower/node_modules/update-notifier/node_modules/configstore/node_modules/js-yaml/node_modules/argparse
339 warn checkPermissions Missing write access to /usr/local/lib/node_modules/bower/node_modules/update-notifier/node_modules/configstore/node_modules/js-yaml/node_modules/esprima
340 warn checkPermissions Missing write access to /usr/local/lib/node_modules/bower/node_modules/update-notifier/node_modules/configstore/node_modules/js-yaml
341 warn checkPermissions Missing write access to /usr/local/lib/node_modules/bower/node_modules/update-notifier/node_modules/configstore/node_modules/object-assign
342 warn checkPermissions Missing write access to /usr/local/lib/node_modules/bower/node_modules/update-notifier/node_modules/configstore/node_modules/user-home
343 warn checkPermissions Missing write access to /usr/local/lib/node_modules/bower/node_modules/update-notifier/node_modules/configstore/node_modules/uuid
344 warn checkPermissions Missing write access to /usr/local/lib/node_modules/bower/node_modules/update-notifier/node_modules/configstore/node_modules/xdg-basedir
345 warn checkPermissions Missing write access to /usr/local/lib/node_modules/bower/node_modules/update-notifier/node_modules/configstore
346 warn checkPermissions Missing write access to /usr/local/lib/node_modules/bower/node_modules/update-notifier/node_modules/latest-version/node_modules/package-json/node_modules/got/node_modules/object-assign
347 warn checkPermissions Missing write access to /usr/local/lib/node_modules/bower/node_modules/update-notifier/node_modules/latest-version/node_modules/package-json/node_modules/got
348 warn checkPermissions Missing write access to /usr/local/lib/node_modules/bower/node_modules/update-notifier/node_modules/latest-version/node_modules/package-json/node_modules/registry-url/node_modules/npmconf/node_modules/config-chain/node_modules/proto-list
349 warn checkPermissions Missing write access to /usr/local/lib/node_modules/bower/node_modules/update-notifier/node_modules/latest-version/node_modules/package-json/node_modules/registry-url/node_modules/npmconf/node_modules/inherits
350 warn checkPermissions Missing write access to /usr/local/lib/node_modules/bower/node_modules/update-notifier/node_modules/latest-version/node_modules/package-json/node_modules/registry-url/node_modules/npmconf/node_modules/ini
351 warn checkPermissions Missing write access to /usr/local/lib/node_modules/bower/node_modules/update-notifier/node_modules/latest-version/node_modules/package-json/node_modules/registry-url/node_modules/npmconf/node_modules/config-chain
352 warn checkPermissions Missing write access to /usr/local/lib/node_modules/bower/node_modules/update-notifier/node_modules/latest-version/node_modules/package-json/node_modules/registry-url/node_modules/npmconf/node_modules/once/node_modules/wrappy
353 warn checkPermissions Missing write access to /usr/local/lib/node_modules/bower/node_modules/update-notifier/node_modules/latest-version/node_modules/package-json/node_modules/registry-url/node_modules/npmconf/node_modules/once
354 warn checkPermissions Missing write access to /usr/local/lib/node_modules/bower/node_modules/update-notifier/node_modules/latest-version/node_modules/package-json/node_modules/registry-url/node_modules/npmconf/node_modules/uid-number
355 warn checkPermissions Missing write access to /usr/local/lib/node_modules/bower/node_modules/update-notifier/node_modules/latest-version/node_modules/package-json/node_modules/registry-url/node_modules/npmconf
356 warn checkPermissions Missing write access to /usr/local/lib/node_modules/bower/node_modules/update-notifier/node_modules/latest-version/node_modules/package-json/node_modules/registry-url
357 warn checkPermissions Missing write access to /usr/local/lib/node_modules/bower/node_modules/update-notifier/node_modules/latest-version/node_modules/package-json
358 warn checkPermissions Missing write access to /usr/local/lib/node_modules/bower/node_modules/update-notifier/node_modules/latest-version
359 warn checkPermissions Missing write access to /usr/local/lib/node_modules/bower/node_modules/update-notifier/node_modules/semver-diff
360 warn checkPermissions Missing write access to /usr/local/lib/node_modules/bower/node_modules/update-notifier/node_modules/string-length/node_modules/strip-ansi/node_modules/ansi-regex
361 warn checkPermissions Missing write access to /usr/local/lib/node_modules/bower/node_modules/update-notifier/node_modules/string-length/node_modules/strip-ansi
362 warn checkPermissions Missing write access to /usr/local/lib/node_modules/bower/node_modules/update-notifier/node_modules/string-length
363 warn checkPermissions Missing write access to /usr/local/lib/node_modules/bower/node_modules/update-notifier
364 warn checkPermissions Missing write access to /usr/local/lib/node_modules/bower/node_modules/which
365 warn checkPermissions Missing write access to /usr/local/lib/node_modules/bower
366 warn checkPermissions Missing write access to /usr/local/lib/node_modules/bower/node_modules
367 warn checkPermissions Missing write access to /usr/local/lib/node_modules/bower/node_modules/bower-config/node_modules
368 warn checkPermissions Missing write access to /usr/local/lib/node_modules/bower/node_modules/bower-config/node_modules/optimist/node_modules
369 warn checkPermissions Missing write access to /usr/local/lib/node_modules/bower/node_modules/bower-json/node_modules
370 warn checkPermissions Missing write access to /usr/local/lib/node_modules/bower/node_modules/bower-registry-client/node_modules
371 warn checkPermissions Missing write access to /usr/local/lib/node_modules/bower/node_modules/bower-registry-client/node_modules/request/node_modules
372 warn checkPermissions Missing write access to /usr/local/lib/node_modules/bower/node_modules/bower-registry-client/node_modules/request/node_modules/bl/node_modules/readable-stream/node_modules
373 warn checkPermissions Missing write access to /usr/local/lib/node_modules/bower/node_modules/bower-registry-client/node_modules/request/node_modules/bl/node_modules
374 warn checkPermissions Missing write access to /usr/local/lib/node_modules/bower/node_modules/bower-registry-client/node_modules/request/node_modules/combined-stream/node_modules
375 warn checkPermissions Missing write access to /usr/local/lib/node_modules/bower/node_modules/bower-registry-client/node_modules/request/node_modules/form-data/node_modules
376 warn checkPermissions Missing write access to /usr/local/lib/node_modules/bower/node_modules/bower-registry-client/node_modules/request/node_modules/form-data/node_modules/mime-types/node_modules
377 warn checkPermissions Missing write access to /usr/local/lib/node_modules/bower/node_modules/bower-registry-client/node_modules/request/node_modules/hawk/node_modules
378 warn checkPermissions Missing write access to /usr/local/lib/node_modules/bower/node_modules/bower-registry-client/node_modules/request/node_modules/http-signature/node_modules
379 warn checkPermissions Missing write access to /usr/local/lib/node_modules/bower/node_modules/bower-registry-client/node_modules/request/node_modules/tough-cookie/node_modules
380 warn checkPermissions Missing write access to /usr/local/lib/node_modules/bower/node_modules/cardinal/node_modules/redeyed/node_modules
381 warn checkPermissions Missing write access to /usr/local/lib/node_modules/bower/node_modules/cardinal/node_modules
382 warn checkPermissions Missing write access to /usr/local/lib/node_modules/bower/node_modules/chalk/node_modules
383 warn checkPermissions Missing write access to /usr/local/lib/node_modules/bower/node_modules/chalk/node_modules/has-ansi/node_modules
384 warn checkPermissions Missing write access to /usr/local/lib/node_modules/bower/node_modules/chalk/node_modules/strip-ansi/node_modules
385 warn checkPermissions Missing write access to /usr/local/lib/node_modules/bower/node_modules/decompress-zip/node_modules/binary/node_modules
386 warn checkPermissions Missing write access to /usr/local/lib/node_modules/bower/node_modules/decompress-zip/node_modules/binary/node_modules/chainsaw/node_modules
387 warn checkPermissions Missing write access to /usr/local/lib/node_modules/bower/node_modules/decompress-zip/node_modules
388 warn checkPermissions Missing write access to /usr/local/lib/node_modules/bower/node_modules/decompress-zip/node_modules/readable-stream/node_modules
389 warn checkPermissions Missing write access to /usr/local/lib/node_modules/bower/node_modules/decompress-zip/node_modules/touch/node_modules
390 warn checkPermissions Missing write access to /usr/local/lib/node_modules/bower/node_modules/fstream-ignore/node_modules
391 warn checkPermissions Missing write access to /usr/local/lib/node_modules/bower/node_modules/fstream-ignore/node_modules/minimatch/node_modules/brace-expansion/node_modules
392 warn checkPermissions Missing write access to /usr/local/lib/node_modules/bower/node_modules/fstream-ignore/node_modules/minimatch/node_modules
393 warn checkPermissions Missing write access to /usr/local/lib/node_modules/bower/node_modules/fstream/node_modules
394 warn checkPermissions Missing write access to /usr/local/lib/node_modules/bower/node_modules/glob/node_modules
395 warn checkPermissions Missing write access to /usr/local/lib/node_modules/bower/node_modules/glob/node_modules/minimatch/node_modules
396 warn checkPermissions Missing write access to /usr/local/lib/node_modules/bower/node_modules/glob/node_modules/once/node_modules
397 warn checkPermissions Missing write access to /usr/local/lib/node_modules/bower/node_modules/handlebars/node_modules/optimist/node_modules
398 warn checkPermissions Missing write access to /usr/local/lib/node_modules/bower/node_modules/handlebars/node_modules
399 warn checkPermissions Missing write access to /usr/local/lib/node_modules/bower/node_modules/handlebars/node_modules/uglify-js/node_modules
400 warn checkPermissions Missing write access to /usr/local/lib/node_modules/bower/node_modules/handlebars/node_modules/uglify-js/node_modules/source-map/node_modules
401 warn checkPermissions Missing write access to /usr/local/lib/node_modules/bower/node_modules/inquirer/node_modules/cli-color/node_modules/es5-ext/node_modules
402 warn checkPermissions Missing write access to /usr/local/lib/node_modules/bower/node_modules/inquirer/node_modules/cli-color/node_modules
403 warn checkPermissions Missing write access to /usr/local/lib/node_modules/bower/node_modules/inquirer/node_modules/cli-color/node_modules/memoizee/node_modules/es6-weak-map/node_modules/es6-iterator/node_modules
404 warn checkPermissions Missing write access to /usr/local/lib/node_modules/bower/node_modules/inquirer/node_modules/cli-color/node_modules/memoizee/node_modules/es6-weak-map/node_modules
405 warn checkPermissions Missing write access to /usr/local/lib/node_modules/bower/node_modules/inquirer/node_modules/cli-color/node_modules/memoizee/node_modules
406 warn checkPermissions Missing write access to /usr/local/lib/node_modules/bower/node_modules/inquirer/node_modules/cli-color/node_modules/timers-ext/node_modules
407 warn checkPermissions Missing write access to /usr/local/lib/node_modules/bower/node_modules/inquirer/node_modules
408 warn checkPermissions Missing write access to /usr/local/lib/node_modules/bower/node_modules/inquirer/node_modules/readline2/node_modules/strip-ansi/node_modules
409 warn checkPermissions Missing write access to /usr/local/lib/node_modules/bower/node_modules/inquirer/node_modules/readline2/node_modules
410 warn checkPermissions Missing write access to /usr/local/lib/node_modules/bower/node_modules/insight/node_modules
411 warn checkPermissions Missing write access to /usr/local/lib/node_modules/bower/node_modules/insight/node_modules/chalk/node_modules
412 warn checkPermissions Missing write access to /usr/local/lib/node_modules/bower/node_modules/insight/node_modules/chalk/node_modules/has-ansi/node_modules
413 warn checkPermissions Missing write access to /usr/local/lib/node_modules/bower/node_modules/insight/node_modules/chalk/node_modules/strip-ansi/node_modules
414 warn checkPermissions Missing write access to /usr/local/lib/node_modules/bower/node_modules/insight/node_modules/configstore/node_modules/js-yaml/node_modules/argparse/node_modules
415 warn checkPermissions Missing write access to /usr/local/lib/node_modules/bower/node_modules/insight/node_modules/configstore/node_modules/js-yaml/node_modules
416 warn checkPermissions Missing write access to /usr/local/lib/node_modules/bower/node_modules/insight/node_modules/configstore/node_modules
417 warn checkPermissions Missing write access to /usr/local/lib/node_modules/bower/node_modules/insight/node_modules/inquirer/node_modules/cli-color/node_modules/es5-ext/node_modules
418 warn checkPermissions Missing write access to /usr/local/lib/node_modules/bower/node_modules/insight/node_modules/inquirer/node_modules/cli-color/node_modules
419 warn checkPermissions Missing write access to /usr/local/lib/node_modules/bower/node_modules/insight/node_modules/inquirer/node_modules/cli-color/node_modules/memoizee/node_modules/es6-weak-map/node_modules/es6-iterator/node_modules
420 warn checkPermissions Missing write access to /usr/local/lib/node_modules/bower/node_modules/insight/node_modules/inquirer/node_modules/cli-color/node_modules/memoizee/node_modules/es6-weak-map/node_modules
421 warn checkPermissions Missing write access to /usr/local/lib/node_modules/bower/node_modules/insight/node_modules/inquirer/node_modules/cli-color/node_modules/memoizee/node_modules
422 warn checkPermissions Missing write access to /usr/local/lib/node_modules/bower/node_modules/insight/node_modules/inquirer/node_modules/cli-color/node_modules/timers-ext/node_modules
423 warn checkPermissions Missing write access to /usr/local/lib/node_modules/bower/node_modules/insight/node_modules/inquirer/node_modules
424 warn checkPermissions Missing write access to /usr/local/lib/node_modules/bower/node_modules/insight/node_modules/inquirer/node_modules/readline2/node_modules/strip-ansi/node_modules
425 warn checkPermissions Missing write access to /usr/local/lib/node_modules/bower/node_modules/insight/node_modules/inquirer/node_modules/readline2/node_modules
426 warn checkPermissions Missing write access to /usr/local/lib/node_modules/bower/node_modules/insight/node_modules/lodash.debounce/node_modules
427 warn checkPermissions Missing write access to /usr/local/lib/node_modules/bower/node_modules/insight/node_modules/lodash.debounce/node_modules/lodash.isobject/node_modules
428 warn checkPermissions Missing write access to /usr/local/lib/node_modules/bower/node_modules/insight/node_modules/lodash.debounce/node_modules/lodash.now/node_modules
429 warn checkPermissions Missing write access to /usr/local/lib/node_modules/bower/node_modules/insight/node_modules/os-name/node_modules/osx-release/node_modules
430 warn checkPermissions Missing write access to /usr/local/lib/node_modules/bower/node_modules/insight/node_modules/os-name/node_modules
431 warn checkPermissions Missing write access to /usr/local/lib/node_modules/bower/node_modules/insight/node_modules/tough-cookie/node_modules
432 warn checkPermissions Missing write access to /usr/local/lib/node_modules/bower/node_modules/mkdirp/node_modules
433 warn checkPermissions Missing write access to /usr/local/lib/node_modules/bower/node_modules/p-throttler/node_modules
434 warn checkPermissions Missing write access to /usr/local/lib/node_modules/bower/node_modules/promptly/node_modules/read/node_modules
435 warn checkPermissions Missing write access to /usr/local/lib/node_modules/bower/node_modules/promptly/node_modules
436 warn checkPermissions Missing write access to /usr/local/lib/node_modules/bower/node_modules/request-progress/node_modules
437 warn checkPermissions Missing write access to /usr/local/lib/node_modules/bower/node_modules/request/node_modules
438 warn checkPermissions Missing write access to /usr/local/lib/node_modules/bower/node_modules/request/node_modules/bl/node_modules/readable-stream/node_modules
439 warn checkPermissions Missing write access to /usr/local/lib/node_modules/bower/node_modules/request/node_modules/bl/node_modules
440 warn checkPermissions Missing write access to /usr/local/lib/node_modules/bower/node_modules/request/node_modules/form-data/node_modules
441 warn checkPermissions Missing write access to /usr/local/lib/node_modules/bower/node_modules/request/node_modules/form-data/node_modules/combined-stream/node_modules
442 warn checkPermissions Missing write access to /usr/local/lib/node_modules/bower/node_modules/request/node_modules/hawk/node_modules
443 warn checkPermissions Missing write access to /usr/local/lib/node_modules/bower/node_modules/request/node_modules/http-signature/node_modules
444 warn checkPermissions Missing write access to /usr/local/lib/node_modules/bower/node_modules/request/node_modules/tough-cookie/node_modules
445 warn checkPermissions Missing write access to /usr/local/lib/node_modules/bower/node_modules/shell-quote/node_modules
446 warn checkPermissions Missing write access to /usr/local/lib/node_modules/bower/node_modules/tar-fs/node_modules/pump/node_modules/end-of-stream/node_modules/once/node_modules
447 warn checkPermissions Missing write access to /usr/local/lib/node_modules/bower/node_modules/tar-fs/node_modules/pump/node_modules/end-of-stream/node_modules
448 warn checkPermissions Missing write access to /usr/local/lib/node_modules/bower/node_modules/tar-fs/node_modules/pump/node_modules
449 warn checkPermissions Missing write access to /usr/local/lib/node_modules/bower/node_modules/tar-fs/node_modules
450 warn checkPermissions Missing write access to /usr/local/lib/node_modules/bower/node_modules/tar-fs/node_modules/tar-stream/node_modules/end-of-stream/node_modules/once/node_modules
451 warn checkPermissions Missing write access to /usr/local/lib/node_modules/bower/node_modules/tar-fs/node_modules/tar-stream/node_modules/end-of-stream/node_modules
452 warn checkPermissions Missing write access to /usr/local/lib/node_modules/bower/node_modules/tar-fs/node_modules/tar-stream/node_modules
453 warn checkPermissions Missing write access to /usr/local/lib/node_modules/bower/node_modules/tar-fs/node_modules/tar-stream/node_modules/readable-stream/node_modules
454 warn checkPermissions Missing write access to /usr/local/lib/node_modules/bower/node_modules/update-notifier/node_modules/configstore/node_modules/js-yaml/node_modules/argparse/node_modules
455 warn checkPermissions Missing write access to /usr/local/lib/node_modules/bower/node_modules/update-notifier/node_modules/configstore/node_modules/js-yaml/node_modules
456 warn checkPermissions Missing write access to /usr/local/lib/node_modules/bower/node_modules/update-notifier/node_modules/configstore/node_modules
457 warn checkPermissions Missing write access to /usr/local/lib/node_modules/bower/node_modules/update-notifier/node_modules
458 warn checkPermissions Missing write access to /usr/local/lib/node_modules/bower/node_modules/update-notifier/node_modules/latest-version/node_modules/package-json/node_modules/got/node_modules
459 warn checkPermissions Missing write access to /usr/local/lib/node_modules/bower/node_modules/update-notifier/node_modules/latest-version/node_modules/package-json/node_modules
460 warn checkPermissions Missing write access to /usr/local/lib/node_modules/bower/node_modules/update-notifier/node_modules/latest-version/node_modules/package-json/node_modules/registry-url/node_modules/npmconf/node_modules/config-chain/node_modules
461 warn checkPermissions Missing write access to /usr/local/lib/node_modules/bower/node_modules/update-notifier/node_modules/latest-version/node_modules/package-json/node_modules/registry-url/node_modules/npmconf/node_modules
462 warn checkPermissions Missing write access to /usr/local/lib/node_modules/bower/node_modules/update-notifier/node_modules/latest-version/node_modules/package-json/node_modules/registry-url/node_modules/npmconf/node_modules/once/node_modules
463 warn checkPermissions Missing write access to /usr/local/lib/node_modules/bower/node_modules/update-notifier/node_modules/latest-version/node_modules/package-json/node_modules/registry-url/node_modules
464 warn checkPermissions Missing write access to /usr/local/lib/node_modules/bower/node_modules/update-notifier/node_modules/latest-version/node_modules
465 warn checkPermissions Missing write access to /usr/local/lib/node_modules/bower/node_modules/update-notifier/node_modules/string-length/node_modules/strip-ansi/node_modules
466 warn checkPermissions Missing write access to /usr/local/lib/node_modules/bower/node_modules/update-notifier/node_modules/string-length/node_modules
467 warn checkPermissions Missing write access to /usr/local/lib/node_modules
468 silly rollbackFailedOptional Starting
469 silly rollbackFailedOptional Finishing
470 silly runTopLevelLifecycles Starting
471 silly runTopLevelLifecycles Finishing
472 silly install printInstalled
473 verbose stack Error: EACCES: permission denied, access '/usr/local/lib/node_modules/bower/node_modules/archy'
473 verbose stack     at Error (native)
474 verbose cwd /Users/joel/Documents/builtbetter
475 error Darwin 14.5.0
476 error argv "/usr/local/bin/node" "/usr/local/bin/npm" "update" "-g" "bower"
477 error node v5.4.1
478 error npm  v3.3.12
479 error path /usr/local/lib/node_modules/bower/node_modules/archy
480 error code EACCES
481 error errno -13
482 error syscall access
483 error Error: EACCES: permission denied, access '/usr/local/lib/node_modules/bower/node_modules/archy'
483 error     at Error (native)
483 error  { [Error: EACCES: permission denied, access '/usr/local/lib/node_modules/bower/node_modules/archy']
483 error   errno: -13,
483 error   code: 'EACCES',
483 error   syscall: 'access',
483 error   path: '/usr/local/lib/node_modules/bower/node_modules/archy' }
484 error Please try running this command again as root/Administrator.
485 verbose exit [ -13, true ]
